<?xml version="1.0" encoding="UTF-8"?>
<!-- Generated by org.testng.reporters.JUnitXMLReporter -->
<testsuite ignored="0" hostname="DESKTOP-SGREK3T" failures="1" tests="2" name="Test" time="18.913" errors="0" timestamp="2021-10-12T22:29:52 IST">
  <testcase classname="StepDefinations.LoginDemoStepdefination2_testNG" name="user_enters_username_and_password" time="0.0">
    <failure type="org.testng.TestNGException" message="
Cannot inject @Test annotated Method [user_enters_username_and_password] with [class java.lang.String, class java.lang.String].
For more information on native dependency injection please refer to https://testng.org/doc/documentation-main.html#native-dependency-injection">
      <![CDATA[org.testng.TestNGException: 
Cannot inject @Test annotated Method [user_enters_username_and_password] with [class java.lang.String, class java.lang.String].
For more information on native dependency injection please refer to https://testng.org/doc/documentation-main.html#native-dependency-injection
at java.base/java.util.concurrent.ThreadPoolExecutor.runWorker(ThreadPoolExecutor.java:1130)
at java.base/java.util.concurrent.ThreadPoolExecutor$Worker.run(ThreadPoolExecutor.java:630)
at java.base/java.lang.Thread.run(Thread.java:831)
... Removed 11 stack frames]]>
    </failure>
  </testcase> <!-- user_enters_username_and_password -->
  <testcase classname="StepDefinations.LoginDemoStepdefination2_testNG" name="user_is_on_login_page" time="1.993"/>
</testsuite> <!-- Test -->
