<?xml version="1.0" encoding="UTF-8"?>
<testng-results ignored="0" total="2" passed="2" failed="0" skipped="0">
  <reporter-output>
  </reporter-output>
  <suite started-at="2021-12-20T18:13:33 IST" name="Command line suite" finished-at="2021-12-20T18:14:44 IST" duration-ms="70979">
    <groups>
      <group name="cucumber">
        <method signature="AbstractTestNGCucumberTests.runScenario(io.cucumber.testng.PickleWrapper,io.cucumber.testng.FeatureWrapper)[pri:0, instance:StepDefinations.TestRunner@206a70ef]" name="runScenario" class="io.cucumber.testng.AbstractTestNGCucumberTests"/>
      </group> <!-- cucumber -->
    </groups>
    <test started-at="2021-12-20T18:13:33 IST" name="Command line test" finished-at="2021-12-20T18:14:44 IST" duration-ms="70979">
      <class name="StepDefinations.TestRunner">
        <test-method is-config="true" signature="SetupExtents()[pri:0, instance:StepDefinations.TestRunner@206a70ef]" started-at="2021-12-20T18:13:33 IST" name="SetupExtents" finished-at="2021-12-20T18:13:33 IST" duration-ms="608" status="PASS">
          <reporter-output>
          </reporter-output>
        </test-method> <!-- SetupExtents -->
        <test-method is-config="true" signature="setUpClass(org.testng.ITestContext)[pri:0, instance:StepDefinations.TestRunner@206a70ef]" started-at="2021-12-20T18:13:33 IST" name="setUpClass" finished-at="2021-12-20T18:13:35 IST" duration-ms="1275" status="PASS">
          <params>
            <param index="0">
              <value>
                <![CDATA[org.testng.TestRunner@76cf841]]>
              </value>
            </param>
          </params>
          <reporter-output>
          </reporter-output>
        </test-method> <!-- setUpClass -->
        <test-method signature="runScenario(io.cucumber.testng.PickleWrapper,io.cucumber.testng.FeatureWrapper)[pri:0, instance:StepDefinations.TestRunner@206a70ef]" started-at="2021-12-20T18:13:35 IST" name="runScenario" description="Runs Cucumber Scenarios" data-provider="scenarios" finished-at="2021-12-20T18:14:26 IST" duration-ms="51145" status="PASS">
          <params>
            <param index="0">
              <value>
                <![CDATA["check login is successful with valid credentials"]]>
              </value>
            </param>
            <param index="1">
              <value>
                <![CDATA["Optional[Test login functionality]"]]>
              </value>
            </param>
          </params>
          <reporter-output>
          </reporter-output>
        </test-method> <!-- runScenario -->
        <test-method signature="runScenario(io.cucumber.testng.PickleWrapper,io.cucumber.testng.FeatureWrapper)[pri:0, instance:StepDefinations.TestRunner@206a70ef]" started-at="2021-12-20T18:14:26 IST" name="runScenario" description="Runs Cucumber Scenarios" data-provider="scenarios" finished-at="2021-12-20T18:14:43 IST" duration-ms="16885" status="PASS">
          <params>
            <param index="0">
              <value>
                <![CDATA["check login is successful with valid credentials"]]>
              </value>
            </param>
            <param index="1">
              <value>
                <![CDATA["Optional[Test login functionality]"]]>
              </value>
            </param>
          </params>
          <reporter-output>
          </reporter-output>
        </test-method> <!-- runScenario -->
        <test-method is-config="true" signature="tearDownClass()[pri:0, instance:StepDefinations.TestRunner@206a70ef]" started-at="2021-12-20T18:14:43 IST" name="tearDownClass" finished-at="2021-12-20T18:14:43 IST" duration-ms="560" status="PASS">
          <reporter-output>
          </reporter-output>
        </test-method> <!-- tearDownClass -->
        <test-method is-config="true" signature="tearDown()[pri:0, instance:StepDefinations.TestRunner@206a70ef]" started-at="2021-12-20T18:14:43 IST" name="tearDown" finished-at="2021-12-20T18:14:44 IST" duration-ms="424" status="PASS">
          <reporter-output>
          </reporter-output>
        </test-method> <!-- tearDown -->
      </class> <!-- StepDefinations.TestRunner -->
    </test> <!-- Command line test -->
  </suite> <!-- Command line suite -->
</testng-results>
