<?xml version="1.0" encoding="UTF-8"?>
<testng-results ignored="0" total="2" passed="2" failed="0" skipped="0">
  <reporter-output>
  </reporter-output>
  <suite started-at="2021-11-07T10:26:55 IST" name="Suite" finished-at="2021-11-07T10:27:19 IST" duration-ms="23218">
    <groups>
      <group name="cucumber">
        <method signature="AbstractTestNGCucumberTests.runScenario(io.cucumber.testng.PickleWrapper,io.cucumber.testng.FeatureWrapper)[pri:0, instance:StepDefinations.TestRunner@2ed2d9cb]" name="runScenario" class="io.cucumber.testng.AbstractTestNGCucumberTests"/>
      </group> <!-- cucumber -->
    </groups>
    <test started-at="2021-11-07T10:26:55 IST" name="Test" finished-at="2021-11-07T10:27:19 IST" duration-ms="23218">
      <class name="StepDefinations.TestRunner">
        <test-method is-config="true" signature="setUpClass(org.testng.ITestContext)[pri:0, instance:StepDefinations.TestRunner@2ed2d9cb]" started-at="2021-11-07T10:26:55 IST" name="setUpClass" finished-at="2021-11-07T10:26:56 IST" duration-ms="583" status="PASS">
          <params>
            <param index="0">
              <value>
                <![CDATA[org.testng.TestRunner@4c163e3]]>
              </value>
            </param>
          </params>
          <reporter-output>
          </reporter-output>
        </test-method> <!-- setUpClass -->
        <test-method signature="runScenario(io.cucumber.testng.PickleWrapper,io.cucumber.testng.FeatureWrapper)[pri:0, instance:StepDefinations.TestRunner@2ed2d9cb]" started-at="2021-11-07T10:26:56 IST" name="runScenario" description="Runs Cucumber Scenarios" data-provider="scenarios" finished-at="2021-11-07T10:27:08 IST" duration-ms="11679" status="PASS">
          <params>
            <param index="0">
              <value>
                <![CDATA["check login is successful with valid credentials"]]>
              </value>
            </param>
            <param index="1">
              <value>
                <![CDATA["Optional[Test login functionality]"]]>
              </value>
            </param>
          </params>
          <reporter-output>
          </reporter-output>
        </test-method> <!-- runScenario -->
        <test-method signature="runScenario(io.cucumber.testng.PickleWrapper,io.cucumber.testng.FeatureWrapper)[pri:0, instance:StepDefinations.TestRunner@2ed2d9cb]" started-at="2021-11-07T10:27:08 IST" name="runScenario" description="Runs Cucumber Scenarios" data-provider="scenarios" finished-at="2021-11-07T10:27:18 IST" duration-ms="10748" status="PASS">
          <params>
            <param index="0">
              <value>
                <![CDATA["check login is successful with valid credentials"]]>
              </value>
            </param>
            <param index="1">
              <value>
                <![CDATA["Optional[Test login functionality]"]]>
              </value>
            </param>
          </params>
          <reporter-output>
          </reporter-output>
        </test-method> <!-- runScenario -->
        <test-method is-config="true" signature="tearDownClass()[pri:0, instance:StepDefinations.TestRunner@2ed2d9cb]" started-at="2021-11-07T10:27:18 IST" name="tearDownClass" finished-at="2021-11-07T10:27:19 IST" duration-ms="173" status="PASS">
          <reporter-output>
          </reporter-output>
        </test-method> <!-- tearDownClass -->
      </class> <!-- StepDefinations.TestRunner -->
    </test> <!-- Test -->
  </suite> <!-- Suite -->
</testng-results>
